Compiling the Fortran compiler identification source file "CMakeFortranCompilerId.F" failed.
Compiler: CMAKE_Fortran_COMPILER-NOTFOUND 
Build flags: 
Id flags: -v 

The output was:
No such file or directory


Compiling the Fortran compiler identification source file "CMakeFortranCompilerId.F" failed.
Compiler: CMAKE_Fortran_COMPILER-NOTFOUND 
Build flags: 
Id flags:  

The output was:
No such file or directory


Compiling the Fortran compiler identification source file "CMakeFortranCompilerId.F" failed.
Compiler: CMAKE_Fortran_COMPILER-NOTFOUND 
Build flags: 
Id flags: -c 

The output was:
No such file or directory


Compiling the Fortran compiler identification source file "CMakeFortranCompilerId.F" failed.
Compiler: CMAKE_Fortran_COMPILER-NOTFOUND 
Build flags: 
Id flags: -fpp 

The output was:
No such file or directory


Compiling the Fortran compiler identification source file "CMakeFortranCompilerId.F" failed.
Compiler: CMAKE_Fortran_COMPILER-NOTFOUND 
Build flags: 
Id flags: -v 

The output was:
No such file or directory


Compiling the Fortran compiler identification source file "CMakeFortranCompilerId.F" failed.
Compiler: CMAKE_Fortran_COMPILER-NOTFOUND 
Build flags: 
Id flags:  

The output was:
No such file or directory


Compiling the Fortran compiler identification source file "CMakeFortranCompilerId.F" failed.
Compiler: CMAKE_Fortran_COMPILER-NOTFOUND 
Build flags: 
Id flags: -c 

The output was:
No such file or directory


Compiling the Fortran compiler identification source file "CMakeFortranCompilerId.F" failed.
Compiler: CMAKE_Fortran_COMPILER-NOTFOUND 
Build flags: 
Id flags: -fpp 

The output was:
No such file or directory


The MPI test test_mpi for Fortran in mode F77_HEADER failed to compile with the following output:
Change Dir: /home/fred/Desktop/waveqlab3d/Waveqlab/build/CMakeFiles/CMakeTmp

Run Build Command(s):/usr/bin/make cmTC_510fe/fast && /usr/bin/make -f CMakeFiles/cmTC_510fe.dir/build.make CMakeFiles/cmTC_510fe.dir/build
make[1]: Entering directory '/home/fred/Desktop/waveqlab3d/Waveqlab/build/CMakeFiles/CMakeTmp'
Building Fortran object CMakeFiles/cmTC_510fe.dir/test_mpi.f90.o
/usr/bin/f95    -c /home/fred/Desktop/waveqlab3d/Waveqlab/build/CMakeFiles/FindMPI/test_mpi.f90 -o CMakeFiles/cmTC_510fe.dir/test_mpi.f90.o
/home/fred/Desktop/waveqlab3d/Waveqlab/build/CMakeFiles/FindMPI/test_mpi.f90:3: Error: Can't open included file 'mpif.h'
make[1]: *** [CMakeFiles/cmTC_510fe.dir/build.make:66: CMakeFiles/cmTC_510fe.dir/test_mpi.f90.o] Error 1
make[1]: Leaving directory '/home/fred/Desktop/waveqlab3d/Waveqlab/build/CMakeFiles/CMakeTmp'
make: *** [Makefile:121: cmTC_510fe/fast] Error 2



The MPI test test_mpi for Fortran in mode F90_MODULE failed to compile with the following output:
Change Dir: /home/fred/Desktop/waveqlab3d/Waveqlab/build/CMakeFiles/CMakeTmp

Run Build Command(s):/usr/bin/make cmTC_c0061/fast && /usr/bin/make -f CMakeFiles/cmTC_c0061.dir/build.make CMakeFiles/cmTC_c0061.dir/build
make[1]: Entering directory '/home/fred/Desktop/waveqlab3d/Waveqlab/build/CMakeFiles/CMakeTmp'
Building Fortran object CMakeFiles/cmTC_c0061.dir/test_mpi.f90.o
/usr/bin/f95    -c /home/fred/Desktop/waveqlab3d/Waveqlab/build/CMakeFiles/FindMPI/test_mpi.f90 -o CMakeFiles/cmTC_c0061.dir/test_mpi.f90.o
/home/fred/Desktop/waveqlab3d/Waveqlab/build/CMakeFiles/FindMPI/test_mpi.f90:2:10:

    2 |       use mpi
      |          1
Fatal Error: Cannot open module file ‘mpi.mod’ for reading at (1): No such file or directory
compilation terminated.
make[1]: *** [CMakeFiles/cmTC_c0061.dir/build.make:66: CMakeFiles/cmTC_c0061.dir/test_mpi.f90.o] Error 1
make[1]: Leaving directory '/home/fred/Desktop/waveqlab3d/Waveqlab/build/CMakeFiles/CMakeTmp'
make: *** [Makefile:121: cmTC_c0061/fast] Error 2



The MPI test test_mpi for Fortran in mode F08_MODULE failed to compile with the following output:
Change Dir: /home/fred/Desktop/waveqlab3d/Waveqlab/build/CMakeFiles/CMakeTmp

Run Build Command(s):/usr/bin/make cmTC_79897/fast && /usr/bin/make -f CMakeFiles/cmTC_79897.dir/build.make CMakeFiles/cmTC_79897.dir/build
make[1]: Entering directory '/home/fred/Desktop/waveqlab3d/Waveqlab/build/CMakeFiles/CMakeTmp'
Building Fortran object CMakeFiles/cmTC_79897.dir/test_mpi.f90.o
/usr/bin/f95    -c /home/fred/Desktop/waveqlab3d/Waveqlab/build/CMakeFiles/FindMPI/test_mpi.f90 -o CMakeFiles/cmTC_79897.dir/test_mpi.f90.o
/home/fred/Desktop/waveqlab3d/Waveqlab/build/CMakeFiles/FindMPI/test_mpi.f90:2:10:

    2 |       use mpi_f08
      |          1
Fatal Error: Cannot open module file ‘mpi_f08.mod’ for reading at (1): No such file or directory
compilation terminated.
make[1]: *** [CMakeFiles/cmTC_79897.dir/build.make:66: CMakeFiles/cmTC_79897.dir/test_mpi.f90.o] Error 1
make[1]: Leaving directory '/home/fred/Desktop/waveqlab3d/Waveqlab/build/CMakeFiles/CMakeTmp'
make: *** [Makefile:121: cmTC_79897/fast] Error 2



The MPI test test_mpi for Fortran in mode F77_HEADER_NOKIND failed to compile with the following output:
Change Dir: /home/fred/Desktop/waveqlab3d/Waveqlab/build/CMakeFiles/CMakeTmp

Run Build Command(s):/usr/bin/make cmTC_e945c/fast && /usr/bin/make -f CMakeFiles/cmTC_e945c.dir/build.make CMakeFiles/cmTC_e945c.dir/build
make[1]: Entering directory '/home/fred/Desktop/waveqlab3d/Waveqlab/build/CMakeFiles/CMakeTmp'
Building Fortran object CMakeFiles/cmTC_e945c.dir/test_mpi.f90.o
/usr/bin/f95    -c /home/fred/Desktop/waveqlab3d/Waveqlab/build/CMakeFiles/FindMPI/test_mpi.f90 -o CMakeFiles/cmTC_e945c.dir/test_mpi.f90.o
/home/fred/Desktop/waveqlab3d/Waveqlab/build/CMakeFiles/FindMPI/test_mpi.f90:3: Error: Can't open included file 'mpif.h'
make[1]: *** [CMakeFiles/cmTC_e945c.dir/build.make:66: CMakeFiles/cmTC_e945c.dir/test_mpi.f90.o] Error 1
make[1]: Leaving directory '/home/fred/Desktop/waveqlab3d/Waveqlab/build/CMakeFiles/CMakeTmp'
make: *** [Makefile:121: cmTC_e945c/fast] Error 2



The MPI test test_mpi for Fortran in mode F77_HEADER failed to compile with the following output:
Change Dir: /home/fred/Desktop/waveqlab3d/Waveqlab/build/CMakeFiles/CMakeTmp

Run Build Command(s):/usr/bin/make cmTC_df9f4/fast && /usr/bin/make -f CMakeFiles/cmTC_df9f4.dir/build.make CMakeFiles/cmTC_df9f4.dir/build
make[1]: Entering directory '/home/fred/Desktop/waveqlab3d/Waveqlab/build/CMakeFiles/CMakeTmp'
Building Fortran object CMakeFiles/cmTC_df9f4.dir/test_mpi.f90.o
/usr/bin/f95    -c /home/fred/Desktop/waveqlab3d/Waveqlab/build/CMakeFiles/FindMPI/test_mpi.f90 -o CMakeFiles/cmTC_df9f4.dir/test_mpi.f90.o
/home/fred/Desktop/waveqlab3d/Waveqlab/build/CMakeFiles/FindMPI/test_mpi.f90:3: Error: Can't open included file 'mpif.h'
make[1]: *** [CMakeFiles/cmTC_df9f4.dir/build.make:66: CMakeFiles/cmTC_df9f4.dir/test_mpi.f90.o] Error 1
make[1]: Leaving directory '/home/fred/Desktop/waveqlab3d/Waveqlab/build/CMakeFiles/CMakeTmp'
make: *** [Makefile:121: cmTC_df9f4/fast] Error 2



The MPI test test_mpi for Fortran in mode F90_MODULE failed to compile with the following output:
Change Dir: /home/fred/Desktop/waveqlab3d/Waveqlab/build/CMakeFiles/CMakeTmp

Run Build Command(s):/usr/bin/make cmTC_91fe7/fast && /usr/bin/make -f CMakeFiles/cmTC_91fe7.dir/build.make CMakeFiles/cmTC_91fe7.dir/build
make[1]: Entering directory '/home/fred/Desktop/waveqlab3d/Waveqlab/build/CMakeFiles/CMakeTmp'
Building Fortran object CMakeFiles/cmTC_91fe7.dir/test_mpi.f90.o
/usr/bin/f95    -c /home/fred/Desktop/waveqlab3d/Waveqlab/build/CMakeFiles/FindMPI/test_mpi.f90 -o CMakeFiles/cmTC_91fe7.dir/test_mpi.f90.o
/home/fred/Desktop/waveqlab3d/Waveqlab/build/CMakeFiles/FindMPI/test_mpi.f90:2:10:

    2 |       use mpi
      |          1
Fatal Error: Cannot open module file ‘mpi.mod’ for reading at (1): No such file or directory
compilation terminated.
make[1]: *** [CMakeFiles/cmTC_91fe7.dir/build.make:66: CMakeFiles/cmTC_91fe7.dir/test_mpi.f90.o] Error 1
make[1]: Leaving directory '/home/fred/Desktop/waveqlab3d/Waveqlab/build/CMakeFiles/CMakeTmp'
make: *** [Makefile:121: cmTC_91fe7/fast] Error 2



The MPI test test_mpi for Fortran in mode F08_MODULE failed to compile with the following output:
Change Dir: /home/fred/Desktop/waveqlab3d/Waveqlab/build/CMakeFiles/CMakeTmp

Run Build Command(s):/usr/bin/make cmTC_e67ff/fast && /usr/bin/make -f CMakeFiles/cmTC_e67ff.dir/build.make CMakeFiles/cmTC_e67ff.dir/build
make[1]: Entering directory '/home/fred/Desktop/waveqlab3d/Waveqlab/build/CMakeFiles/CMakeTmp'
Building Fortran object CMakeFiles/cmTC_e67ff.dir/test_mpi.f90.o
/usr/bin/f95    -c /home/fred/Desktop/waveqlab3d/Waveqlab/build/CMakeFiles/FindMPI/test_mpi.f90 -o CMakeFiles/cmTC_e67ff.dir/test_mpi.f90.o
/home/fred/Desktop/waveqlab3d/Waveqlab/build/CMakeFiles/FindMPI/test_mpi.f90:2:10:

    2 |       use mpi_f08
      |          1
Fatal Error: Cannot open module file ‘mpi_f08.mod’ for reading at (1): No such file or directory
compilation terminated.
make[1]: *** [CMakeFiles/cmTC_e67ff.dir/build.make:66: CMakeFiles/cmTC_e67ff.dir/test_mpi.f90.o] Error 1
make[1]: Leaving directory '/home/fred/Desktop/waveqlab3d/Waveqlab/build/CMakeFiles/CMakeTmp'
make: *** [Makefile:121: cmTC_e67ff/fast] Error 2



The MPI test test_mpi for Fortran in mode F77_HEADER_NOKIND failed to compile with the following output:
Change Dir: /home/fred/Desktop/waveqlab3d/Waveqlab/build/CMakeFiles/CMakeTmp

Run Build Command(s):/usr/bin/make cmTC_84b5c/fast && /usr/bin/make -f CMakeFiles/cmTC_84b5c.dir/build.make CMakeFiles/cmTC_84b5c.dir/build
make[1]: Entering directory '/home/fred/Desktop/waveqlab3d/Waveqlab/build/CMakeFiles/CMakeTmp'
Building Fortran object CMakeFiles/cmTC_84b5c.dir/test_mpi.f90.o
/usr/bin/f95    -c /home/fred/Desktop/waveqlab3d/Waveqlab/build/CMakeFiles/FindMPI/test_mpi.f90 -o CMakeFiles/cmTC_84b5c.dir/test_mpi.f90.o
/home/fred/Desktop/waveqlab3d/Waveqlab/build/CMakeFiles/FindMPI/test_mpi.f90:3: Error: Can't open included file 'mpif.h'
make[1]: *** [CMakeFiles/cmTC_84b5c.dir/build.make:66: CMakeFiles/cmTC_84b5c.dir/test_mpi.f90.o] Error 1
make[1]: Leaving directory '/home/fred/Desktop/waveqlab3d/Waveqlab/build/CMakeFiles/CMakeTmp'
make: *** [Makefile:121: cmTC_84b5c/fast] Error 2



